20:47:09 **** Incremental Build of configuration Debug for project Bouncing_Names ****
make all 
Building file: ../main.c
Invoking: AVR Compiler
avr-gcc -Wall -g2 -gstabs -O0 -fpack-struct -fshort-enums -ffunction-sections -fdata-sections -std=gnu99 -funsigned-char -funsigned-bitfields -mmcu=atmega32 -DF_CPU=8000000UL -MMD -MP -MF"main.d" -MT"main.o" -c -o "main.o" "../main.c"
../main.c:14:1: warning: "F_CPU" redefined
<command-line>: warning: this is the location of the previous definition
In file included from ../main.c:15:
c:/users/dan/desktop/tools/sdk/imt_sdk_win_64/winavr/lib/gcc/../../avr/include/util/delay.h:90:3: warning: #warning "Compiler optimizations disabled; functions from <util/delay.h> won't work as designed"
../main.c: In function 'main':
../main.c:22: warning: unused variable 'j'
../main.c:22: warning: unused variable 'i'
Finished building: ../main.c
 
Building target: Bouncing_Names.elf
Invoking: AVR C Linker
avr-gcc -Wl,-Map,Bouncing_Names.map -mmcu=atmega32 -o "Bouncing_Names.elf"  ./Bouncing_Names_prg.o ./Lcd_prg_bouncing.o ./main.o   
Finished building target: Bouncing_Names.elf
 
Invoking: AVR Create Extended Listing
avr-objdump -h -S Bouncing_Names.elf  >"Bouncing_Names.lss"
Finished building: Bouncing_Names.lss
 
Create Flash image (ihex format)
avr-objcopy -R .eeprom -R .fuse -R .lock -R .signature -O ihex Bouncing_Names.elf  "Bouncing_Names.hex"
Finished building: Bouncing_Names.hex
 
Invoking: Print Size
avr-size --format=avr --mcu=atmega32 Bouncing_Names.elf
AVR Memory Usage
----------------
Device: atmega32

Program:   11518 bytes (35.2% Full)
(.text + .data + .bootloader)

Data:         12 bytes (0.6% Full)
(.data + .bss + .noinit)


Finished building: sizedummy
 

20:47:10 Build Finished (took 506ms)

