11:48:21 **** Incremental Build of configuration Debug for project Calculator2 ****
make all 
Building file: ../main.c
Invoking: AVR Compiler
avr-gcc -Wall -g2 -gstabs -O0 -fpack-struct -fshort-enums -ffunction-sections -fdata-sections -std=gnu99 -funsigned-char -funsigned-bitfields -mmcu=atmega32 -DF_CPU=8000000UL -MMD -MP -MF"main.d" -MT"main.o" -c -o "main.o" "../main.c"
In file included from ../main.c:17:
c:/users/dan/desktop/tools/sdk/imt_sdk_win_64/winavr/lib/gcc/../../avr/include/util/delay.h:90:3: warning: #warning "Compiler optimizations disabled; functions from <util/delay.h> won't work as designed"
Finished building: ../main.c
 
Building target: Calculator2.elf
Invoking: AVR C Linker
avr-gcc -Wl,-Map,Calculator2.map -mmcu=atmega32 -o "Calculator2.elf"  ./Dio_prg.o ./Keypad_prg.o ./Lcd_prg.o ./main.o   
Finished building target: Calculator2.elf
 
Invoking: AVR Create Extended Listing
avr-objdump -h -S Calculator2.elf  >"Calculator2.lss"
Finished building: Calculator2.lss
 
Create Flash image (ihex format)
avr-objcopy -R .eeprom -R .fuse -R .lock -R .signature -O ihex Calculator2.elf  "Calculator2.hex"
Finished building: Calculator2.hex
 
Invoking: Print Size
avr-size --format=avr --mcu=atmega32 Calculator2.elf
AVR Memory Usage
----------------
Device: atmega32

Program:   18160 bytes (55.4% Full)
(.text + .data + .bootloader)

Data:         15 bytes (0.7% Full)
(.data + .bss + .noinit)


Finished building: sizedummy
 

11:48:22 Build Finished (took 608ms)

