23:03:30 **** Incremental Build of configuration Debug for project DC_Motor_driver ****
make all 
Building file: ../main.c
Invoking: AVR Compiler
avr-gcc -Wall -g2 -gstabs -O0 -fpack-struct -fshort-enums -ffunction-sections -fdata-sections -std=gnu99 -funsigned-char -funsigned-bitfields -mmcu=atmega32 -DF_CPU=8000000UL -MMD -MP -MF"main.d" -MT"main.o" -c -o "main.o" "../main.c"
In file included from ../main.c:8:
c:/users/dan/desktop/tools/sdk/imt_sdk_win_64/winavr/lib/gcc/../../avr/include/util/delay.h:90:3: warning: #warning "Compiler optimizations disabled; functions from <util/delay.h> won't work as designed"
Finished building: ../main.c
 
Building target: DC_Motor_driver.elf
Invoking: AVR C Linker
avr-gcc -Wl,-Map,DC_Motor_driver.map -mmcu=atmega32 -o "DC_Motor_driver.elf"  ./main.o   
Finished building target: DC_Motor_driver.elf
 
Invoking: AVR Create Extended Listing
avr-objdump -h -S DC_Motor_driver.elf  >"DC_Motor_driver.lss"
Finished building: DC_Motor_driver.lss
 
Create Flash image (ihex format)
avr-objcopy -R .eeprom -R .fuse -R .lock -R .signature -O ihex DC_Motor_driver.elf  "DC_Motor_driver.hex"
Finished building: DC_Motor_driver.hex
 
Invoking: Print Size
avr-size --format=avr --mcu=atmega32 DC_Motor_driver.elf
AVR Memory Usage
----------------
Device: atmega32

Program:    3962 bytes (12.1% Full)
(.text + .data + .bootloader)

Data:          8 bytes (0.4% Full)
(.data + .bss + .noinit)


Finished building: sizedummy
 

23:03:30 Build Finished (took 508ms)

