16:46:41 **** Incremental Build of configuration Debug for project External_Interrupt_0 ****
make all 
Building file: ../main.c
Invoking: AVR Compiler
avr-gcc -Wall -g2 -gstabs -O0 -fpack-struct -fshort-enums -ffunction-sections -fdata-sections -std=gnu99 -funsigned-char -funsigned-bitfields -mmcu=atmega32 -DF_CPU=8000000UL -MMD -MP -MF"main.d" -MT"main.o" -c -o "main.o" "../main.c"
../main.c:12:1: warning: "F_CPU" redefined
<command-line>: warning: this is the location of the previous definition
In file included from ../main.c:13:
c:/users/dan/desktop/tools/sdk/imt_sdk_win_64/winavr/lib/gcc/../../avr/include/util/delay.h:90:3: warning: #warning "Compiler optimizations disabled; functions from <util/delay.h> won't work as designed"
Finished building: ../main.c
 
Building target: External_Interrupt_0.elf
Invoking: AVR C Linker
avr-gcc -Wl,-Map,External_Interrupt_0.map -mmcu=atmega32 -o "External_Interrupt_0.elf"  ./Dio_prg.o ./LED_prg.o ./main.o   
Finished building target: External_Interrupt_0.elf
 
Invoking: AVR Create Extended Listing
avr-objdump -h -S External_Interrupt_0.elf  >"External_Interrupt_0.lss"
Finished building: External_Interrupt_0.lss
 
Create Flash image (ihex format)
avr-objcopy -R .eeprom -R .fuse -R .lock -R .signature -O ihex External_Interrupt_0.elf  "External_Interrupt_0.hex"
Finished building: External_Interrupt_0.hex
 
Invoking: Print Size
avr-size --format=avr --mcu=atmega32 External_Interrupt_0.elf
AVR Memory Usage
----------------
Device: atmega32

Program:    1856 bytes (5.7% Full)
(.text + .data + .bootloader)

Data:          0 bytes (0.0% Full)
(.data + .bss + .noinit)


Finished building: sizedummy
 

16:46:41 Build Finished (took 411ms)

