16:05:36 **** Incremental Build of configuration Debug for project fun1 ****
make all 
Building file: ../main.c
Invoking: AVR Compiler
avr-gcc -Wall -g2 -gstabs -O0 -fpack-struct -fshort-enums -ffunction-sections -fdata-sections -std=gnu99 -funsigned-char -funsigned-bitfields -mmcu=atmega32 -DF_CPU=8000000UL -MMD -MP -MF"main.d" -MT"main.o" -c -o "main.o" "../main.c"
../main.c:12:1: warning: "F_CPU" redefined
<command-line>: warning: this is the location of the previous definition
In file included from ../main.c:13:
c:/users/dan/desktop/tools/sdk/imt_sdk_win_64/winavr/lib/gcc/../../avr/include/util/delay.h:90:3: warning: #warning "Compiler optimizations disabled; functions from <util/delay.h> won't work as designed"
../main.c: In function 'main':
../main.c:21: warning: implicit declaration of function 'Led_u8TurnON'
../main.c:23: warning: implicit declaration of function 'Led_u8TurnOFF'
Finished building: ../main.c
 
Building target: fun1.elf
Invoking: AVR C Linker
avr-gcc -Wl,-Map,fun1.map -mmcu=atmega32 -o "fun1.elf"  ./Dio_prg.o ./LED_prg.o ./main.o   
Finished building target: fun1.elf
 
Invoking: AVR Create Extended Listing
avr-objdump -h -S fun1.elf  >"fun1.lss"
Finished building: fun1.lss
 
Create Flash image (ihex format)
avr-objcopy -R .eeprom -R .fuse -R .lock -R .signature -O ihex fun1.elf  "fun1.hex"
Finished building: fun1.hex
 
Invoking: Print Size
avr-size --format=avr --mcu=atmega32 fun1.elf
AVR Memory Usage
----------------
Device: atmega32

Program:    5084 bytes (15.5% Full)
(.text + .data + .bootloader)

Data:          8 bytes (0.4% Full)
(.data + .bss + .noinit)


Finished building: sizedummy
 

16:05:37 Build Finished (took 512ms)

