18:51:42 **** Incremental Build of configuration Debug for project Login_System ****
make all 
Building file: ../Lcd_prg.c
Invoking: AVR Compiler
avr-gcc -Wall -g2 -gstabs -O0 -fpack-struct -fshort-enums -ffunction-sections -fdata-sections -std=gnu99 -funsigned-char -funsigned-bitfields -mmcu=atmega32 -DF_CPU=8000000UL -MMD -MP -MF"Lcd_prg.d" -MT"Lcd_prg.o" -c -o "Lcd_prg.o" "../Lcd_prg.c"
In file included from ../Lcd_prg.c:13:
c:/users/dan/desktop/tools/sdk/imt_sdk_win_64/winavr/lib/gcc/../../avr/include/util/delay.h:90:3: warning: #warning "Compiler optimizations disabled; functions from <util/delay.h> won't work as designed"
Finished building: ../Lcd_prg.c
 
Building target: Login_System.elf
Invoking: AVR C Linker
avr-gcc -Wl,-Map,Login_System.map -mmcu=atmega32 -o "Login_System.elf"  ./ADC_prg.o ./Dio_prg.o ./Keypad_prg.o ./Lcd_prg.o ./Login_prg.o ./main.o   
Finished building target: Login_System.elf
 
Invoking: AVR Create Extended Listing
avr-objdump -h -S Login_System.elf  >"Login_System.lss"
Finished building: Login_System.lss
 
Create Flash image (ihex format)
avr-objcopy -R .eeprom -R .fuse -R .lock -R .signature -O ihex Login_System.elf  "Login_System.hex"
Finished building: Login_System.hex
 
Invoking: Print Size
avr-size --format=avr --mcu=atmega32 Login_System.elf
AVR Memory Usage
----------------
Device: atmega32

Program:   18420 bytes (56.2% Full)
(.text + .data + .bootloader)

Data:         14 bytes (0.7% Full)
(.data + .bss + .noinit)


Finished building: sizedummy
 

18:51:44 Build Finished (took 2s.54ms)

