23:10:23 **** Incremental Build of configuration Debug for project Login_System2 ****
make all 
Building file: ../main.c
Invoking: AVR Compiler
avr-gcc -Wall -g2 -gstabs -O0 -fpack-struct -fshort-enums -ffunction-sections -fdata-sections -std=gnu99 -funsigned-char -funsigned-bitfields -mmcu=atmega32 -DF_CPU=8000000UL -MMD -MP -MF"main.d" -MT"main.o" -c -o "main.o" "../main.c"
In file included from ../main.c:16:
c:/users/dan/desktop/tools/sdk/imt_sdk_win_64/winavr/lib/gcc/../../avr/include/util/delay.h:90:3: warning: #warning "Compiler optimizations disabled; functions from <util/delay.h> won't work as designed"
Finished building: ../main.c
 
Building target: Login_System2.elf
Invoking: AVR C Linker
avr-gcc -Wl,-Map,Login_System2.map -mmcu=atmega32 -o "Login_System2.elf"  ./ADC_prg.o ./Dio_prg.o ./Keypad_prg.o ./Lcd_prg.o ./Login_prg.o ./Stepper_prg.o ./main.o   
Finished building target: Login_System2.elf
 
Invoking: AVR Create Extended Listing
avr-objdump -h -S Login_System2.elf  >"Login_System2.lss"
Finished building: Login_System2.lss
 
Create Flash image (ihex format)
avr-objcopy -R .eeprom -R .fuse -R .lock -R .signature -O ihex Login_System2.elf  "Login_System2.hex"
Finished building: Login_System2.hex
 
Invoking: Print Size
avr-size --format=avr --mcu=atmega32 Login_System2.elf
AVR Memory Usage
----------------
Device: atmega32

Program:   31632 bytes (96.5% Full)
(.text + .data + .bootloader)

Data:        205 bytes (10.0% Full)
(.data + .bss + .noinit)


Finished building: sizedummy
 

23:10:24 Build Finished (took 610ms)

