03:28:49 **** Incremental Build of configuration Debug for project Maze ****
make all 
Building file: ../main.c
Invoking: AVR Compiler
avr-gcc -Wall -g2 -gstabs -O0 -fpack-struct -fshort-enums -ffunction-sections -fdata-sections -std=gnu99 -funsigned-char -funsigned-bitfields -mmcu=atmega32 -DF_CPU=8000000UL -MMD -MP -MF"main.d" -MT"main.o" -c -o "main.o" "../main.c"
In file included from ../main.c:13:
c:/users/dan/desktop/tools/sdk/imt_sdk_win_64/winavr/lib/gcc/../../avr/include/util/delay.h:90:3: warning: #warning "Compiler optimizations disabled; functions from <util/delay.h> won't work as designed"
Finished building: ../main.c
 
Building target: Maze.elf
Invoking: AVR C Linker
avr-gcc -Wl,-Map,Maze.map -mmcu=atmega32 -o "Maze.elf"  ./LcdMaze_prg.o ./Maze_prg.o ./main.o   
Finished building target: Maze.elf
 
Invoking: AVR Create Extended Listing
avr-objdump -h -S Maze.elf  >"Maze.lss"
Finished building: Maze.lss
 
Create Flash image (ihex format)
avr-objcopy -R .eeprom -R .fuse -R .lock -R .signature -O ihex Maze.elf  "Maze.hex"
Finished building: Maze.hex
 
Invoking: Print Size
avr-size --format=avr --mcu=atmega32 Maze.elf
AVR Memory Usage
----------------
Device: atmega32

Program:    5770 bytes (17.6% Full)
(.text + .data + .bootloader)

Data:          8 bytes (0.4% Full)
(.data + .bss + .noinit)


Finished building: sizedummy
 

03:28:50 Build Finished (took 454ms)

