04:27:47 **** Incremental Build of configuration Debug for project sevenSegment ****
make all 
Building file: ../sevenseg.c
Invoking: AVR Compiler
avr-gcc -Wall -g2 -gstabs -O0 -fpack-struct -fshort-enums -ffunction-sections -fdata-sections -std=gnu99 -funsigned-char -funsigned-bitfields -mmcu=atmega32 -DF_CPU=8000000UL -MMD -MP -MF"sevenseg.d" -MT"sevenseg.o" -c -o "sevenseg.o" "../sevenseg.c"
In file included from ../sevenseg.c:11:
c:/users/dan/desktop/tools/sdk/imt_sdk_win_64/winavr/lib/gcc/../../avr/include/util/delay.h:90:3: warning: #warning "Compiler optimizations disabled; functions from <util/delay.h> won't work as designed"
Finished building: ../sevenseg.c
 
Building target: sevenSegment.elf
Invoking: AVR C Linker
avr-gcc -Wl,-Map,sevenSegment.map -mmcu=atmega32 -o "sevenSegment.elf"  ./sevenseg.o   
Finished building target: sevenSegment.elf
 
Invoking: AVR Create Extended Listing
avr-objdump -h -S sevenSegment.elf  >"sevenSegment.lss"
Finished building: sevenSegment.lss
 
Create Flash image (ihex format)
avr-objcopy -R .eeprom -R .fuse -R .lock -R .signature -O ihex sevenSegment.elf  "sevenSegment.hex"
Finished building: sevenSegment.hex
 
Invoking: Print Size
avr-size --format=avr --mcu=atmega32 sevenSegment.elf
AVR Memory Usage
----------------
Device: atmega32

Program:    4176 bytes (12.7% Full)
(.text + .data + .bootloader)

Data:         20 bytes (1.0% Full)
(.data + .bss + .noinit)


Finished building: sizedummy
 

04:27:48 Build Finished (took 1s.322ms)

