06:24:07 **** Incremental Build of configuration Debug for project Seven_Segment_Driver ****
make all 
Building file: ../main.c
Invoking: AVR Compiler
avr-gcc -Wall -g2 -gstabs -O0 -fpack-struct -fshort-enums -ffunction-sections -fdata-sections -std=gnu99 -funsigned-char -funsigned-bitfields -mmcu=atmega32 -DF_CPU=8000000UL -MMD -MP -MF"main.d" -MT"main.o" -c -o "main.o" "../main.c"
In file included from ../main.c:15:
c:/users/dan/desktop/tools/sdk/imt_sdk_win_64/winavr/lib/gcc/../../avr/include/util/delay.h:90:3: warning: #warning "Compiler optimizations disabled; functions from <util/delay.h> won't work as designed"
Finished building: ../main.c
 
Building target: Seven_Segment_Driver.elf
Invoking: AVR C Linker
avr-gcc -Wl,-Map,Seven_Segment_Driver.map -mmcu=atmega32 -o "Seven_Segment_Driver.elf"  ./Dio_prg.o ./Seven_Segment_prg.o ./main.o   
Finished building target: Seven_Segment_Driver.elf
 
Invoking: AVR Create Extended Listing
avr-objdump -h -S Seven_Segment_Driver.elf  >"Seven_Segment_Driver.lss"
Finished building: Seven_Segment_Driver.lss
 
Create Flash image (ihex format)
avr-objcopy -R .eeprom -R .fuse -R .lock -R .signature -O ihex Seven_Segment_Driver.elf  "Seven_Segment_Driver.hex"
Finished building: Seven_Segment_Driver.hex
 
Invoking: Print Size
avr-size --format=avr --mcu=atmega32 Seven_Segment_Driver.elf
AVR Memory Usage
----------------
Device: atmega32

Program:    4694 bytes (14.3% Full)
(.text + .data + .bootloader)

Data:         18 bytes (0.9% Full)
(.data + .bss + .noinit)


Finished building: sizedummy
 

06:24:08 Build Finished (took 456ms)

