17:05:46 **** Incremental Build of configuration Debug for project Timer0_FastPWM ****
make all 
Building file: ../Dio_prg.c
Invoking: AVR Compiler
avr-gcc -Wall -g2 -gstabs -O0 -fpack-struct -fshort-enums -ffunction-sections -fdata-sections -std=gnu99 -funsigned-char -funsigned-bitfields -mmcu=atmega32 -DF_CPU=8000000UL -MMD -MP -MF"Dio_prg.d" -MT"Dio_prg.o" -c -o "Dio_prg.o" "../Dio_prg.c"
Finished building: ../Dio_prg.c
 
Building file: ../LED_prg.c
Invoking: AVR Compiler
avr-gcc -Wall -g2 -gstabs -O0 -fpack-struct -fshort-enums -ffunction-sections -fdata-sections -std=gnu99 -funsigned-char -funsigned-bitfields -mmcu=atmega32 -DF_CPU=8000000UL -MMD -MP -MF"LED_prg.d" -MT"LED_prg.o" -c -o "LED_prg.o" "../LED_prg.c"
Finished building: ../LED_prg.c
 
Building file: ../main.c
Invoking: AVR Compiler
avr-gcc -Wall -g2 -gstabs -O0 -fpack-struct -fshort-enums -ffunction-sections -fdata-sections -std=gnu99 -funsigned-char -funsigned-bitfields -mmcu=atmega32 -DF_CPU=8000000UL -MMD -MP -MF"main.d" -MT"main.o" -c -o "main.o" "../main.c"
In file included from ../main.c:13:
c:/users/dan/desktop/tools/sdk/imt_sdk_win_64/winavr/lib/gcc/../../avr/include/util/delay.h:90:3: warning: #warning "Compiler optimizations disabled; functions from <util/delay.h> won't work as designed"
../main.c: In function 'main':
../main.c:17: warning: unused variable 'z'
../main.c:17: warning: unused variable 'y'
Finished building: ../main.c
 
Building target: Timer0_FastPWM.elf
Invoking: AVR C Linker
avr-gcc -Wl,-Map,Timer0_FastPWM.map -mmcu=atmega32 -o "Timer0_FastPWM.elf"  ./Dio_prg.o ./LED_prg.o ./main.o   
Finished building target: Timer0_FastPWM.elf
 
Invoking: AVR Create Extended Listing
avr-objdump -h -S Timer0_FastPWM.elf  >"Timer0_FastPWM.lss"
Finished building: Timer0_FastPWM.lss
 
Create Flash image (ihex format)
avr-objcopy -R .eeprom -R .fuse -R .lock -R .signature -O ihex Timer0_FastPWM.elf  "Timer0_FastPWM.hex"
Finished building: Timer0_FastPWM.hex
 
Invoking: Print Size
avr-size --format=avr --mcu=atmega32 Timer0_FastPWM.elf
AVR Memory Usage
----------------
Device: atmega32

Program:    5196 bytes (15.9% Full)
(.text + .data + .bootloader)

Data:          8 bytes (0.4% Full)
(.data + .bss + .noinit)


Finished building: sizedummy
 

17:05:49 Build Finished (took 3s.39ms)

