22:37:48 **** Incremental Build of configuration Debug for project Timer1_Servo2 ****
make all 
Building file: ../main.c
Invoking: AVR Compiler
avr-gcc -Wall -g2 -gstabs -O0 -fpack-struct -fshort-enums -ffunction-sections -fdata-sections -std=gnu99 -funsigned-char -funsigned-bitfields -mmcu=atmega32 -DF_CPU=8000000UL -MMD -MP -MF"main.d" -MT"main.o" -c -o "main.o" "../main.c"
In file included from ../main.c:12:
c:/users/dan/desktop/tools/sdk/imt_sdk_win_64/winavr/lib/gcc/../../avr/include/util/delay.h:90:3: warning: #warning "Compiler optimizations disabled; functions from <util/delay.h> won't work as designed"
../main.c: In function 'main':
../main.c:23: warning: unused variable 'y'
Finished building: ../main.c
 
Building target: Timer1_Servo2.elf
Invoking: AVR C Linker
avr-gcc -Wl,-Map,Timer1_Servo2.map -mmcu=atmega32 -o "Timer1_Servo2.elf"  ./ADC_prg.o ./Dio_prg.o ./LED_prg.o ./main.o   
Finished building target: Timer1_Servo2.elf
 
Invoking: AVR Create Extended Listing
avr-objdump -h -S Timer1_Servo2.elf  >"Timer1_Servo2.lss"
Finished building: Timer1_Servo2.lss
 
Create Flash image (ihex format)
avr-objcopy -R .eeprom -R .fuse -R .lock -R .signature -O ihex Timer1_Servo2.elf  "Timer1_Servo2.hex"
Finished building: Timer1_Servo2.hex
 
Invoking: Print Size
avr-size --format=avr --mcu=atmega32 Timer1_Servo2.elf
AVR Memory Usage
----------------
Device: atmega32

Program:    8106 bytes (24.7% Full)
(.text + .data + .bootloader)

Data:        264 bytes (12.9% Full)
(.data + .bss + .noinit)


Finished building: sizedummy
 

22:37:48 Build Finished (took 508ms)

