17:05:53 **** Incremental Build of configuration Debug for project Timer1_Servo ****
make all 
Building file: ../Dio_prg.c
Invoking: AVR Compiler
avr-gcc -Wall -g2 -gstabs -O0 -fpack-struct -fshort-enums -ffunction-sections -fdata-sections -std=gnu99 -funsigned-char -funsigned-bitfields -mmcu=atmega32 -DF_CPU=8000000UL -MMD -MP -MF"Dio_prg.d" -MT"Dio_prg.o" -c -o "Dio_prg.o" "../Dio_prg.c"
Finished building: ../Dio_prg.c
 
Building file: ../LED_prg.c
Invoking: AVR Compiler
avr-gcc -Wall -g2 -gstabs -O0 -fpack-struct -fshort-enums -ffunction-sections -fdata-sections -std=gnu99 -funsigned-char -funsigned-bitfields -mmcu=atmega32 -DF_CPU=8000000UL -MMD -MP -MF"LED_prg.d" -MT"LED_prg.o" -c -o "LED_prg.o" "../LED_prg.c"
Finished building: ../LED_prg.c
 
Building file: ../main.c
Invoking: AVR Compiler
avr-gcc -Wall -g2 -gstabs -O0 -fpack-struct -fshort-enums -ffunction-sections -fdata-sections -std=gnu99 -funsigned-char -funsigned-bitfields -mmcu=atmega32 -DF_CPU=8000000UL -MMD -MP -MF"main.d" -MT"main.o" -c -o "main.o" "../main.c"
In file included from ../main.c:11:
c:/users/dan/desktop/tools/sdk/imt_sdk_win_64/winavr/lib/gcc/../../avr/include/util/delay.h:90:3: warning: #warning "Compiler optimizations disabled; functions from <util/delay.h> won't work as designed"
../main.c: In function 'main':
../main.c:20: warning: unused variable 'y'
Finished building: ../main.c
 
Building target: Timer1_Servo.elf
Invoking: AVR C Linker
avr-gcc -Wl,-Map,Timer1_Servo.map -mmcu=atmega32 -o "Timer1_Servo.elf"  ./Dio_prg.o ./LED_prg.o ./main.o   
Finished building target: Timer1_Servo.elf
 
Invoking: AVR Create Extended Listing
avr-objdump -h -S Timer1_Servo.elf  >"Timer1_Servo.lss"
Finished building: Timer1_Servo.lss
 
Create Flash image (ihex format)
avr-objcopy -R .eeprom -R .fuse -R .lock -R .signature -O ihex Timer1_Servo.elf  "Timer1_Servo.hex"
Finished building: Timer1_Servo.hex
 
Invoking: Print Size
avr-size --format=avr --mcu=atmega32 Timer1_Servo.elf
AVR Memory Usage
----------------
Device: atmega32

Program:    5936 bytes (18.1% Full)
(.text + .data + .bootloader)

Data:          8 bytes (0.4% Full)
(.data + .bss + .noinit)


Finished building: sizedummy
 

17:05:55 Build Finished (took 2s.446ms)

